 
****************************************
Report : area
Design : TOP
Version: N-2017.09-SP2
Date   : Sun Jun 23 16:45:12 2019
****************************************

Library(s) Used:

    typical (File: /home/raid7_2/course/cvsd/CBDK_IC_Contest/CIC/SynopsysDC/db/typical.db)

Number of ports:                           77
Number of nets:                        113948
Number of cells:                       110548
Number of combinational cells:         107549
Number of sequential cells:              2999
Number of macros/black boxes:               0
Number of buf/inv:                      21693
Number of references:                     213

Combinational area:            1188342.945828
Buf/Inv area:                   133493.719636
Noncombinational area:          107846.003426
Macro/Black Box area:                0.000000
Net Interconnect area:        11043628.769348

Total cell area:               1296188.949253
Total area:                   12339817.718601
1
